This file contains any messages produced by compilers while
running configure, to aid debugging if configure makes a mistake.

It was created by dilithium configure 1.0.0, which was
generated by GNU Autoconf 2.69.  Invocation command line was

  $ ./configure --enable-doxygen --prefix=/usr

## --------- ##
## Platform. ##
## --------- ##

hostname = Rampage
uname -m = i686
uname -r = 3.2.41-rt60-686-pae
uname -s = Linux
uname -v = #17 SMP Thu Jun 6 08:13:08 CDT 2013

/usr/bin/uname -p = unknown
/bin/uname -X     = unknown

/bin/arch              = unknown
/usr/bin/arch -k       = unknown
/usr/convex/getsysinfo = unknown
/usr/bin/hostinfo      = unknown
/bin/machine           = unknown
/usr/bin/oslevel       = unknown
/bin/universe          = unknown

PATH: /usr/local/bin
PATH: /usr/bin
PATH: /bin
PATH: /usr/local/games
PATH: /usr/games


## ----------- ##
## Core tests. ##
## ----------- ##

configure:2514: checking for a BSD-compatible install
configure:2582: result: /usr/bin/install -c
configure:2593: checking whether build environment is sane
configure:2643: result: yes
configure:2784: checking for a thread-safe mkdir -p
configure:2823: result: /bin/mkdir -p
configure:2836: checking for gawk
configure:2852: found /usr/bin/gawk
configure:2863: result: gawk
configure:2874: checking whether make sets $(MAKE)
configure:2896: result: yes
configure:2989: checking for style of include used by make
configure:3017: result: GNU
configure:3088: checking for gcc
configure:3104: found /usr/bin/gcc
configure:3115: result: gcc
configure:3344: checking for C compiler version
configure:3353: gcc --version >&5
gcc (Debian 4.7.2-5) 4.7.2
Copyright (C) 2012 Free Software Foundation, Inc.
This is free software; see the source for copying conditions.  There is NO
warranty; not even for MERCHANTABILITY or FITNESS FOR A PARTICULAR PURPOSE.

configure:3364: $? = 0
configure:3353: gcc -v >&5
Using built-in specs.
COLLECT_GCC=gcc
COLLECT_LTO_WRAPPER=/usr/lib/gcc/i486-linux-gnu/4.7/lto-wrapper
Target: i486-linux-gnu
Configured with: ../src/configure -v --with-pkgversion='Debian 4.7.2-5' --with-bugurl=file:///usr/share/doc/gcc-4.7/README.Bugs --enable-languages=c,c++,go,fortran,objc,obj-c++ --prefix=/usr --program-suffix=-4.7 --enable-shared --enable-linker-build-id --with-system-zlib --libexecdir=/usr/lib --without-included-gettext --enable-threads=posix --with-gxx-include-dir=/usr/include/c++/4.7 --libdir=/usr/lib --enable-nls --with-sysroot=/ --enable-clocale=gnu --enable-libstdcxx-debug --enable-libstdcxx-time=yes --enable-gnu-unique-object --enable-plugin --enable-objc-gc --enable-targets=all --with-arch-32=i586 --with-tune=generic --enable-checking=release --build=i486-linux-gnu --host=i486-linux-gnu --target=i486-linux-gnu
Thread model: posix
gcc version 4.7.2 (Debian 4.7.2-5) 
configure:3364: $? = 0
configure:3353: gcc -V >&5
gcc: error: unrecognized command line option '-V'
gcc: fatal error: no input files
compilation terminated.
configure:3364: $? = 4
configure:3353: gcc -qversion >&5
gcc: error: unrecognized command line option '-qversion'
gcc: fatal error: no input files
compilation terminated.
configure:3364: $? = 4
configure:3384: checking whether the C compiler works
configure:3406: gcc    conftest.c  >&5
configure:3410: $? = 0
configure:3458: result: yes
configure:3461: checking for C compiler default output file name
configure:3463: result: a.out
configure:3469: checking for suffix of executables
configure:3476: gcc -o conftest    conftest.c  >&5
configure:3480: $? = 0
configure:3502: result: 
configure:3524: checking whether we are cross compiling
configure:3532: gcc -o conftest    conftest.c  >&5
configure:3536: $? = 0
configure:3543: ./conftest
configure:3547: $? = 0
configure:3562: result: no
configure:3567: checking for suffix of object files
configure:3589: gcc -c   conftest.c >&5
configure:3593: $? = 0
configure:3614: result: o
configure:3618: checking whether we are using the GNU C compiler
configure:3637: gcc -c   conftest.c >&5
configure:3637: $? = 0
configure:3646: result: yes
configure:3655: checking whether gcc accepts -g
configure:3675: gcc -c -g  conftest.c >&5
configure:3675: $? = 0
configure:3716: result: yes
configure:3733: checking for gcc option to accept ISO C89
configure:3796: gcc  -c -g -O2  conftest.c >&5
configure:3796: $? = 0
configure:3809: result: none needed
configure:3831: checking dependency style of gcc
configure:3942: result: gcc3
configure:3963: checking how to run the C preprocessor
configure:3994: gcc -E  conftest.c
configure:3994: $? = 0
configure:4008: gcc -E  conftest.c
conftest.c:11:28: fatal error: ac_nonexistent.h: No such file or directory
compilation terminated.
configure:4008: $? = 1
configure: failed program was:
| /* confdefs.h */
| #define PACKAGE_NAME "dilithium"
| #define PACKAGE_TARNAME "dilithium"
| #define PACKAGE_VERSION "1.0.0"
| #define PACKAGE_STRING "dilithium 1.0.0"
| #define PACKAGE_BUGREPORT ""
| #define PACKAGE_URL ""
| #define PACKAGE "dilithium"
| #define VERSION "1.0.0"
| /* end confdefs.h.  */
| #include <ac_nonexistent.h>
configure:4033: result: gcc -E
configure:4053: gcc -E  conftest.c
configure:4053: $? = 0
configure:4067: gcc -E  conftest.c
conftest.c:11:28: fatal error: ac_nonexistent.h: No such file or directory
compilation terminated.
configure:4067: $? = 1
configure: failed program was:
| /* confdefs.h */
| #define PACKAGE_NAME "dilithium"
| #define PACKAGE_TARNAME "dilithium"
| #define PACKAGE_VERSION "1.0.0"
| #define PACKAGE_STRING "dilithium 1.0.0"
| #define PACKAGE_BUGREPORT ""
| #define PACKAGE_URL ""
| #define PACKAGE "dilithium"
| #define VERSION "1.0.0"
| /* end confdefs.h.  */
| #include <ac_nonexistent.h>
configure:4096: checking for grep that handles long lines and -e
configure:4154: result: /bin/grep
configure:4159: checking for egrep
configure:4221: result: /bin/grep -E
configure:4226: checking for ANSI C header files
configure:4246: gcc -c -g -O2  conftest.c >&5
configure:4246: $? = 0
configure:4319: gcc -o conftest -g -O2   conftest.c  >&5
configure:4319: $? = 0
configure:4319: ./conftest
configure:4319: $? = 0
configure:4330: result: yes
configure:4343: checking for sys/types.h
configure:4343: gcc -c -g -O2  conftest.c >&5
configure:4343: $? = 0
configure:4343: result: yes
configure:4343: checking for sys/stat.h
configure:4343: gcc -c -g -O2  conftest.c >&5
configure:4343: $? = 0
configure:4343: result: yes
configure:4343: checking for stdlib.h
configure:4343: gcc -c -g -O2  conftest.c >&5
configure:4343: $? = 0
configure:4343: result: yes
configure:4343: checking for string.h
configure:4343: gcc -c -g -O2  conftest.c >&5
configure:4343: $? = 0
configure:4343: result: yes
configure:4343: checking for memory.h
configure:4343: gcc -c -g -O2  conftest.c >&5
configure:4343: $? = 0
configure:4343: result: yes
configure:4343: checking for strings.h
configure:4343: gcc -c -g -O2  conftest.c >&5
configure:4343: $? = 0
configure:4343: result: yes
configure:4343: checking for inttypes.h
configure:4343: gcc -c -g -O2  conftest.c >&5
configure:4343: $? = 0
configure:4343: result: yes
configure:4343: checking for stdint.h
configure:4343: gcc -c -g -O2  conftest.c >&5
configure:4343: $? = 0
configure:4343: result: yes
configure:4343: checking for unistd.h
configure:4343: gcc -c -g -O2  conftest.c >&5
configure:4343: $? = 0
configure:4343: result: yes
configure:4356: checking minix/config.h usability
configure:4356: gcc -c -g -O2  conftest.c >&5
conftest.c:54:26: fatal error: minix/config.h: No such file or directory
compilation terminated.
configure:4356: $? = 1
configure: failed program was:
| /* confdefs.h */
| #define PACKAGE_NAME "dilithium"
| #define PACKAGE_TARNAME "dilithium"
| #define PACKAGE_VERSION "1.0.0"
| #define PACKAGE_STRING "dilithium 1.0.0"
| #define PACKAGE_BUGREPORT ""
| #define PACKAGE_URL ""
| #define PACKAGE "dilithium"
| #define VERSION "1.0.0"
| #define STDC_HEADERS 1
| #define HAVE_SYS_TYPES_H 1
| #define HAVE_SYS_STAT_H 1
| #define HAVE_STDLIB_H 1
| #define HAVE_STRING_H 1
| #define HAVE_MEMORY_H 1
| #define HAVE_STRINGS_H 1
| #define HAVE_INTTYPES_H 1
| #define HAVE_STDINT_H 1
| #define HAVE_UNISTD_H 1
| /* end confdefs.h.  */
| #include <stdio.h>
| #ifdef HAVE_SYS_TYPES_H
| # include <sys/types.h>
| #endif
| #ifdef HAVE_SYS_STAT_H
| # include <sys/stat.h>
| #endif
| #ifdef STDC_HEADERS
| # include <stdlib.h>
| # include <stddef.h>
| #else
| # ifdef HAVE_STDLIB_H
| #  include <stdlib.h>
| # endif
| #endif
| #ifdef HAVE_STRING_H
| # if !defined STDC_HEADERS && defined HAVE_MEMORY_H
| #  include <memory.h>
| # endif
| # include <string.h>
| #endif
| #ifdef HAVE_STRINGS_H
| # include <strings.h>
| #endif
| #ifdef HAVE_INTTYPES_H
| # include <inttypes.h>
| #endif
| #ifdef HAVE_STDINT_H
| # include <stdint.h>
| #endif
| #ifdef HAVE_UNISTD_H
| # include <unistd.h>
| #endif
| #include <minix/config.h>
configure:4356: result: no
configure:4356: checking minix/config.h presence
configure:4356: gcc -E  conftest.c
conftest.c:21:26: fatal error: minix/config.h: No such file or directory
compilation terminated.
configure:4356: $? = 1
configure: failed program was:
| /* confdefs.h */
| #define PACKAGE_NAME "dilithium"
| #define PACKAGE_TARNAME "dilithium"
| #define PACKAGE_VERSION "1.0.0"
| #define PACKAGE_STRING "dilithium 1.0.0"
| #define PACKAGE_BUGREPORT ""
| #define PACKAGE_URL ""
| #define PACKAGE "dilithium"
| #define VERSION "1.0.0"
| #define STDC_HEADERS 1
| #define HAVE_SYS_TYPES_H 1
| #define HAVE_SYS_STAT_H 1
| #define HAVE_STDLIB_H 1
| #define HAVE_STRING_H 1
| #define HAVE_MEMORY_H 1
| #define HAVE_STRINGS_H 1
| #define HAVE_INTTYPES_H 1
| #define HAVE_STDINT_H 1
| #define HAVE_UNISTD_H 1
| /* end confdefs.h.  */
| #include <minix/config.h>
configure:4356: result: no
configure:4356: checking for minix/config.h
configure:4356: result: no
configure:4377: checking whether it is safe to define __EXTENSIONS__
configure:4395: gcc -c -g -O2  conftest.c >&5
configure:4395: $? = 0
configure:4402: result: yes
configure:4437: checking for gawk
configure:4464: result: gawk
configure:4533: checking for g++
configure:4549: found /usr/bin/g++
configure:4560: result: g++
configure:4587: checking for C++ compiler version
configure:4596: g++ --version >&5
g++ (Debian 4.7.2-5) 4.7.2
Copyright (C) 2012 Free Software Foundation, Inc.
This is free software; see the source for copying conditions.  There is NO
warranty; not even for MERCHANTABILITY or FITNESS FOR A PARTICULAR PURPOSE.

configure:4607: $? = 0
configure:4596: g++ -v >&5
Using built-in specs.
COLLECT_GCC=g++
COLLECT_LTO_WRAPPER=/usr/lib/gcc/i486-linux-gnu/4.7/lto-wrapper
Target: i486-linux-gnu
Configured with: ../src/configure -v --with-pkgversion='Debian 4.7.2-5' --with-bugurl=file:///usr/share/doc/gcc-4.7/README.Bugs --enable-languages=c,c++,go,fortran,objc,obj-c++ --prefix=/usr --program-suffix=-4.7 --enable-shared --enable-linker-build-id --with-system-zlib --libexecdir=/usr/lib --without-included-gettext --enable-threads=posix --with-gxx-include-dir=/usr/include/c++/4.7 --libdir=/usr/lib --enable-nls --with-sysroot=/ --enable-clocale=gnu --enable-libstdcxx-debug --enable-libstdcxx-time=yes --enable-gnu-unique-object --enable-plugin --enable-objc-gc --enable-targets=all --with-arch-32=i586 --with-tune=generic --enable-checking=release --build=i486-linux-gnu --host=i486-linux-gnu --target=i486-linux-gnu
Thread model: posix
gcc version 4.7.2 (Debian 4.7.2-5) 
configure:4607: $? = 0
configure:4596: g++ -V >&5
g++: error: unrecognized command line option '-V'
g++: fatal error: no input files
compilation terminated.
configure:4607: $? = 4
configure:4596: g++ -qversion >&5
g++: error: unrecognized command line option '-qversion'
g++: fatal error: no input files
compilation terminated.
configure:4607: $? = 4
configure:4611: checking whether we are using the GNU C++ compiler
configure:4630: g++ -c   conftest.cpp >&5
configure:4630: $? = 0
configure:4639: result: yes
configure:4648: checking whether g++ accepts -g
configure:4668: g++ -c -g  conftest.cpp >&5
configure:4668: $? = 0
configure:4709: result: yes
configure:4734: checking dependency style of g++
configure:4845: result: gcc3
configure:4908: checking for gcc
configure:4935: result: gcc
configure:5164: checking for C compiler version
configure:5173: gcc --version >&5
gcc (Debian 4.7.2-5) 4.7.2
Copyright (C) 2012 Free Software Foundation, Inc.
This is free software; see the source for copying conditions.  There is NO
warranty; not even for MERCHANTABILITY or FITNESS FOR A PARTICULAR PURPOSE.

configure:5184: $? = 0
configure:5173: gcc -v >&5
Using built-in specs.
COLLECT_GCC=gcc
COLLECT_LTO_WRAPPER=/usr/lib/gcc/i486-linux-gnu/4.7/lto-wrapper
Target: i486-linux-gnu
Configured with: ../src/configure -v --with-pkgversion='Debian 4.7.2-5' --with-bugurl=file:///usr/share/doc/gcc-4.7/README.Bugs --enable-languages=c,c++,go,fortran,objc,obj-c++ --prefix=/usr --program-suffix=-4.7 --enable-shared --enable-linker-build-id --with-system-zlib --libexecdir=/usr/lib --without-included-gettext --enable-threads=posix --with-gxx-include-dir=/usr/include/c++/4.7 --libdir=/usr/lib --enable-nls --with-sysroot=/ --enable-clocale=gnu --enable-libstdcxx-debug --enable-libstdcxx-time=yes --enable-gnu-unique-object --enable-plugin --enable-objc-gc --enable-targets=all --with-arch-32=i586 --with-tune=generic --enable-checking=release --build=i486-linux-gnu --host=i486-linux-gnu --target=i486-linux-gnu
Thread model: posix
gcc version 4.7.2 (Debian 4.7.2-5) 
configure:5184: $? = 0
configure:5173: gcc -V >&5
gcc: error: unrecognized command line option '-V'
gcc: fatal error: no input files
compilation terminated.
configure:5184: $? = 4
configure:5173: gcc -qversion >&5
gcc: error: unrecognized command line option '-qversion'
gcc: fatal error: no input files
compilation terminated.
configure:5184: $? = 4
configure:5188: checking whether we are using the GNU C compiler
configure:5216: result: yes
configure:5225: checking whether gcc accepts -g
configure:5286: result: yes
configure:5303: checking for gcc option to accept ISO C89
configure:5379: result: none needed
configure:5401: checking dependency style of gcc
configure:5512: result: gcc3
configure:5532: checking how to run the C preprocessor
configure:5602: result: gcc -E
configure:5622: gcc -E  conftest.c
configure:5622: $? = 0
configure:5636: gcc -E  conftest.c
conftest.c:26:28: fatal error: ac_nonexistent.h: No such file or directory
compilation terminated.
configure:5636: $? = 1
configure: failed program was:
| /* confdefs.h */
| #define PACKAGE_NAME "dilithium"
| #define PACKAGE_TARNAME "dilithium"
| #define PACKAGE_VERSION "1.0.0"
| #define PACKAGE_STRING "dilithium 1.0.0"
| #define PACKAGE_BUGREPORT ""
| #define PACKAGE_URL ""
| #define PACKAGE "dilithium"
| #define VERSION "1.0.0"
| #define STDC_HEADERS 1
| #define HAVE_SYS_TYPES_H 1
| #define HAVE_SYS_STAT_H 1
| #define HAVE_STDLIB_H 1
| #define HAVE_STRING_H 1
| #define HAVE_MEMORY_H 1
| #define HAVE_STRINGS_H 1
| #define HAVE_INTTYPES_H 1
| #define HAVE_STDINT_H 1
| #define HAVE_UNISTD_H 1
| #define __EXTENSIONS__ 1
| #define _ALL_SOURCE 1
| #define _GNU_SOURCE 1
| #define _POSIX_PTHREAD_SEMANTICS 1
| #define _TANDEM_SOURCE 1
| /* end confdefs.h.  */
| #include <ac_nonexistent.h>
configure:5664: checking whether make sets $(MAKE)
configure:5686: result: yes
configure:5696: checking whether ln -s works
configure:5700: result: yes
configure:5712: checking for groff
configure:5728: found /usr/bin/groff
configure:5740: result: groff
configure:5753: checking whether groff has an html driver
configure:5762: result: yes
configure:5822: checking for ranlib
configure:5838: found /usr/bin/ranlib
configure:5849: result: ranlib
configure:5901: checking build system type
configure:5915: result: i686-pc-linux-gnu
configure:5935: checking host system type
configure:5948: result: i686-pc-linux-gnu
configure:5989: checking how to print strings
configure:6016: result: printf
configure:6037: checking for a sed that does not truncate output
configure:6101: result: /bin/sed
configure:6119: checking for fgrep
configure:6181: result: /bin/grep -F
configure:6216: checking for ld used by gcc
configure:6283: result: /usr/bin/ld
configure:6290: checking if the linker (/usr/bin/ld) is GNU ld
configure:6305: result: yes
configure:6317: checking for BSD- or MS-compatible name lister (nm)
configure:6366: result: /usr/bin/nm -B
configure:6496: checking the name lister (/usr/bin/nm -B) interface
configure:6503: gcc -c -g -O2  conftest.c >&5
configure:6506: /usr/bin/nm -B "conftest.o"
configure:6509: output
00000000 B some_variable
configure:6516: result: BSD nm
configure:6520: checking the maximum length of command line arguments
configure:6650: result: 1572864
configure:6667: checking whether the shell understands some XSI constructs
configure:6677: result: yes
configure:6681: checking whether the shell understands "+="
configure:6687: result: yes
configure:6722: checking how to convert i686-pc-linux-gnu file names to i686-pc-linux-gnu format
configure:6762: result: func_convert_file_noop
configure:6769: checking how to convert i686-pc-linux-gnu file names to toolchain format
configure:6789: result: func_convert_file_noop
configure:6796: checking for /usr/bin/ld option to reload object files
configure:6803: result: -r
configure:6877: checking for objdump
configure:6893: found /usr/bin/objdump
configure:6904: result: objdump
configure:6936: checking how to recognize dependent libraries
configure:7134: result: pass_all
configure:7219: checking for dlltool
configure:7249: result: no
configure:7279: checking how to associate runtime and link libraries
configure:7306: result: printf %s\n
configure:7366: checking for ar
configure:7382: found /usr/bin/ar
configure:7393: result: ar
configure:7430: checking for archiver @FILE support
configure:7447: gcc -c -g -O2  conftest.c >&5
configure:7447: $? = 0
configure:7450: ar cru libconftest.a @conftest.lst >&5
configure:7453: $? = 0
configure:7458: ar cru libconftest.a @conftest.lst >&5
ar: conftest.o: No such file or directory
configure:7461: $? = 1
configure:7473: result: @
configure:7531: checking for strip
configure:7547: found /usr/bin/strip
configure:7558: result: strip
configure:7630: checking for ranlib
configure:7657: result: ranlib
configure:7759: checking command to parse /usr/bin/nm -B output from gcc object
configure:7879: gcc -c -g -O2  conftest.c >&5
configure:7882: $? = 0
configure:7886: /usr/bin/nm -B conftest.o \| sed -n -e 's/^.*[ ]\([ABCDGIRSTW][ABCDGIRSTW]*\)[ ][ ]*\([_A-Za-z][_A-Za-z0-9]*\)$/\1 \2 \2/p' | sed '/ __gnu_lto/d' \> conftest.nm
configure:7889: $? = 0
configure:7955: gcc -o conftest -g -O2   conftest.c conftstm.o >&5
configure:7958: $? = 0
configure:7996: result: ok
configure:8033: checking for sysroot
configure:8063: result: no
configure:8319: checking for mt
configure:8335: found /bin/mt
configure:8346: result: mt
configure:8369: checking if mt is a manifest tool
configure:8375: mt '-?'
configure:8383: result: no
configure:9022: checking for dlfcn.h
configure:9022: gcc -c -g -O2  conftest.c >&5
configure:9022: $? = 0
configure:9022: result: yes
configure:9239: checking for objdir
configure:9254: result: .libs
configure:9521: checking if gcc supports -fno-rtti -fno-exceptions
configure:9539: gcc -c -g -O2  -fno-rtti -fno-exceptions conftest.c >&5
cc1: warning: command line option '-fno-rtti' is valid for C++/ObjC++ but not for C [enabled by default]
configure:9543: $? = 0
configure:9556: result: no
configure:9883: checking for gcc option to produce PIC
configure:9890: result: -fPIC -DPIC
configure:9898: checking if gcc PIC flag -fPIC -DPIC works
configure:9916: gcc -c -g -O2  -fPIC -DPIC -DPIC conftest.c >&5
configure:9920: $? = 0
configure:9933: result: yes
configure:9962: checking if gcc static flag -static works
configure:9990: result: yes
configure:10005: checking if gcc supports -c -o file.o
configure:10026: gcc -c -g -O2  -o out/conftest2.o conftest.c >&5
configure:10030: $? = 0
configure:10052: result: yes
configure:10060: checking if gcc supports -c -o file.o
configure:10107: result: yes
configure:10140: checking whether the gcc linker (/usr/bin/ld) supports shared libraries
configure:11297: result: yes
configure:11334: checking whether -lc should be explicitly linked in
configure:11342: gcc -c -g -O2  conftest.c >&5
configure:11345: $? = 0
configure:11360: gcc -shared  -fPIC -DPIC conftest.o  -v -Wl,-soname -Wl,conftest -o conftest 2\>\&1 \| /bin/grep  -lc  \>/dev/null 2\>\&1
configure:11363: $? = 0
configure:11377: result: no
configure:11537: checking dynamic linker characteristics
configure:12037: gcc -o conftest -g -O2   -Wl,-rpath -Wl,/foo conftest.c  >&5
configure:12037: $? = 0
configure:12271: result: GNU/Linux ld.so
configure:12378: checking how to hardcode library paths into programs
configure:12403: result: immediate
configure:12943: checking whether stripping libraries is possible
configure:12948: result: yes
configure:12983: checking if libtool supports shared libraries
configure:12985: result: yes
configure:12988: checking whether to build shared libraries
configure:13009: result: yes
configure:13012: checking whether to build static libraries
configure:13016: result: yes
configure:13039: checking how to run the C++ preprocessor
configure:13066: g++ -E  conftest.cpp
configure:13066: $? = 0
configure:13080: g++ -E  conftest.cpp
conftest.cpp:28:28: fatal error: ac_nonexistent.h: No such file or directory
compilation terminated.
configure:13080: $? = 1
configure: failed program was:
| /* confdefs.h */
| #define PACKAGE_NAME "dilithium"
| #define PACKAGE_TARNAME "dilithium"
| #define PACKAGE_VERSION "1.0.0"
| #define PACKAGE_STRING "dilithium 1.0.0"
| #define PACKAGE_BUGREPORT ""
| #define PACKAGE_URL ""
| #define PACKAGE "dilithium"
| #define VERSION "1.0.0"
| #define STDC_HEADERS 1
| #define HAVE_SYS_TYPES_H 1
| #define HAVE_SYS_STAT_H 1
| #define HAVE_STDLIB_H 1
| #define HAVE_STRING_H 1
| #define HAVE_MEMORY_H 1
| #define HAVE_STRINGS_H 1
| #define HAVE_INTTYPES_H 1
| #define HAVE_STDINT_H 1
| #define HAVE_UNISTD_H 1
| #define __EXTENSIONS__ 1
| #define _ALL_SOURCE 1
| #define _GNU_SOURCE 1
| #define _POSIX_PTHREAD_SEMANTICS 1
| #define _TANDEM_SOURCE 1
| #define HAVE_DLFCN_H 1
| #define LT_OBJDIR ".libs/"
| /* end confdefs.h.  */
| #include <ac_nonexistent.h>
configure:13105: result: g++ -E
configure:13125: g++ -E  conftest.cpp
configure:13125: $? = 0
configure:13139: g++ -E  conftest.cpp
conftest.cpp:28:28: fatal error: ac_nonexistent.h: No such file or directory
compilation terminated.
configure:13139: $? = 1
configure: failed program was:
| /* confdefs.h */
| #define PACKAGE_NAME "dilithium"
| #define PACKAGE_TARNAME "dilithium"
| #define PACKAGE_VERSION "1.0.0"
| #define PACKAGE_STRING "dilithium 1.0.0"
| #define PACKAGE_BUGREPORT ""
| #define PACKAGE_URL ""
| #define PACKAGE "dilithium"
| #define VERSION "1.0.0"
| #define STDC_HEADERS 1
| #define HAVE_SYS_TYPES_H 1
| #define HAVE_SYS_STAT_H 1
| #define HAVE_STDLIB_H 1
| #define HAVE_STRING_H 1
| #define HAVE_MEMORY_H 1
| #define HAVE_STRINGS_H 1
| #define HAVE_INTTYPES_H 1
| #define HAVE_STDINT_H 1
| #define HAVE_UNISTD_H 1
| #define __EXTENSIONS__ 1
| #define _ALL_SOURCE 1
| #define _GNU_SOURCE 1
| #define _POSIX_PTHREAD_SEMANTICS 1
| #define _TANDEM_SOURCE 1
| #define HAVE_DLFCN_H 1
| #define LT_OBJDIR ".libs/"
| /* end confdefs.h.  */
| #include <ac_nonexistent.h>
configure:13308: checking for ld used by g++
configure:13375: result: /usr/bin/ld
configure:13382: checking if the linker (/usr/bin/ld) is GNU ld
configure:13397: result: yes
configure:13452: checking whether the g++ linker (/usr/bin/ld) supports shared libraries
configure:14454: result: yes
configure:14490: g++ -c -g -O2  conftest.cpp >&5
configure:14493: $? = 0
configure:15013: checking for g++ option to produce PIC
configure:15020: result: -fPIC -DPIC
configure:15028: checking if g++ PIC flag -fPIC -DPIC works
configure:15046: g++ -c -g -O2  -fPIC -DPIC -DPIC conftest.cpp >&5
configure:15050: $? = 0
configure:15063: result: yes
configure:15086: checking if g++ static flag -static works
configure:15114: result: yes
configure:15126: checking if g++ supports -c -o file.o
configure:15147: g++ -c -g -O2  -o out/conftest2.o conftest.cpp >&5
configure:15151: $? = 0
configure:15173: result: yes
configure:15178: checking if g++ supports -c -o file.o
configure:15225: result: yes
configure:15255: checking whether the g++ linker (/usr/bin/ld) supports shared libraries
configure:15294: result: yes
configure:15435: checking dynamic linker characteristics
configure:16103: result: GNU/Linux ld.so
configure:16156: checking how to hardcode library paths into programs
configure:16181: result: immediate
configure:16244: checking linker tolerates -z relro
configure:16258: checking for X
configure:16397: gcc -o conftest -g -O2  -Wl,-z,relro -ljpeg -lXrender -lGL -lGLU  conftest.c -lX11  >&5
configure:16397: $? = 0
configure:16447: result: libraries , headers 
configure:16454: checking fcntl.h usability
configure:16454: gcc -c -g -O2  conftest.c >&5
configure:16454: $? = 0
configure:16454: result: yes
configure:16454: checking fcntl.h presence
configure:16454: gcc -E  conftest.c
configure:16454: $? = 0
configure:16454: result: yes
configure:16454: checking for fcntl.h
configure:16454: result: yes
configure:16454: checking for inttypes.h
configure:16454: result: yes
configure:16454: checking paths.h usability
configure:16454: gcc -c -g -O2  conftest.c >&5
configure:16454: $? = 0
configure:16454: result: yes
configure:16454: checking paths.h presence
configure:16454: gcc -E  conftest.c
configure:16454: $? = 0
configure:16454: result: yes
configure:16454: checking for paths.h
configure:16454: result: yes
configure:16454: checking shadow.h usability
configure:16454: gcc -c -g -O2  conftest.c >&5
configure:16454: $? = 0
configure:16454: result: yes
configure:16454: checking shadow.h presence
configure:16454: gcc -E  conftest.c
configure:16454: $? = 0
configure:16454: result: yes
configure:16454: checking for shadow.h
configure:16454: result: yes
configure:16454: checking for stdlib.h
configure:16454: result: yes
configure:16454: checking for string.h
configure:16454: result: yes
configure:16467: checking sys/file.h usability
configure:16467: gcc -c -g -O2  conftest.c >&5
configure:16467: $? = 0
configure:16467: result: yes
configure:16467: checking sys/file.h presence
configure:16467: gcc -E  conftest.c
configure:16467: $? = 0
configure:16467: result: yes
configure:16467: checking for sys/file.h
configure:16467: result: yes
configure:16467: checking sys/ioctl.h usability
configure:16467: gcc -c -g -O2  conftest.c >&5
configure:16467: $? = 0
configure:16467: result: yes
configure:16467: checking sys/ioctl.h presence
configure:16467: gcc -E  conftest.c
configure:16467: $? = 0
configure:16467: result: yes
configure:16467: checking for sys/ioctl.h
configure:16467: result: yes
configure:16467: checking sys/time.h usability
configure:16467: gcc -c -g -O2  conftest.c >&5
configure:16467: $? = 0
configure:16467: result: yes
configure:16467: checking sys/time.h presence
configure:16467: gcc -E  conftest.c
configure:16467: $? = 0
configure:16467: result: yes
configure:16467: checking for sys/time.h
configure:16467: result: yes
configure:16467: checking syslog.h usability
configure:16467: gcc -c -g -O2  conftest.c >&5
configure:16467: $? = 0
configure:16467: result: yes
configure:16467: checking syslog.h presence
configure:16467: gcc -E  conftest.c
configure:16467: $? = 0
configure:16467: result: yes
configure:16467: checking for syslog.h
configure:16467: result: yes
configure:16467: checking for unistd.h
configure:16467: result: yes
configure:16467: checking utmp.h usability
configure:16467: gcc -c -g -O2  conftest.c >&5
configure:16467: $? = 0
configure:16467: result: yes
configure:16467: checking utmp.h presence
configure:16467: gcc -E  conftest.c
configure:16467: $? = 0
configure:16467: result: yes
configure:16467: checking for utmp.h
configure:16467: result: yes
configure:16482: checking for stdbool.h that conforms to C99
configure:16549: gcc -c -g -O2  conftest.c >&5
configure:16549: $? = 0
configure:16556: result: yes
configure:16558: checking for _Bool
configure:16558: gcc -c -g -O2  conftest.c >&5
configure:16558: $? = 0
configure:16558: gcc -c -g -O2  conftest.c >&5
conftest.c: In function 'main':
conftest.c:76:20: error: expected expression before ')' token
configure:16558: $? = 1
configure: failed program was:
| /* confdefs.h */
| #define PACKAGE_NAME "dilithium"
| #define PACKAGE_TARNAME "dilithium"
| #define PACKAGE_VERSION "1.0.0"
| #define PACKAGE_STRING "dilithium 1.0.0"
| #define PACKAGE_BUGREPORT ""
| #define PACKAGE_URL ""
| #define PACKAGE "dilithium"
| #define VERSION "1.0.0"
| #define STDC_HEADERS 1
| #define HAVE_SYS_TYPES_H 1
| #define HAVE_SYS_STAT_H 1
| #define HAVE_STDLIB_H 1
| #define HAVE_STRING_H 1
| #define HAVE_MEMORY_H 1
| #define HAVE_STRINGS_H 1
| #define HAVE_INTTYPES_H 1
| #define HAVE_STDINT_H 1
| #define HAVE_UNISTD_H 1
| #define __EXTENSIONS__ 1
| #define _ALL_SOURCE 1
| #define _GNU_SOURCE 1
| #define _POSIX_PTHREAD_SEMANTICS 1
| #define _TANDEM_SOURCE 1
| #define HAVE_DLFCN_H 1
| #define LT_OBJDIR ".libs/"
| #define HAVE_FCNTL_H 1
| #define HAVE_INTTYPES_H 1
| #define HAVE_PATHS_H 1
| #define HAVE_SHADOW_H 1
| #define HAVE_STDLIB_H 1
| #define HAVE_STRING_H 1
| #define HAVE_SYS_FILE_H 1
| #define HAVE_SYS_IOCTL_H 1
| #define HAVE_SYS_TIME_H 1
| #define HAVE_SYSLOG_H 1
| #define HAVE_UNISTD_H 1
| #define HAVE_UTMP_H 1
| /* end confdefs.h.  */
| #include <stdio.h>
| #ifdef HAVE_SYS_TYPES_H
| # include <sys/types.h>
| #endif
| #ifdef HAVE_SYS_STAT_H
| # include <sys/stat.h>
| #endif
| #ifdef STDC_HEADERS
| # include <stdlib.h>
| # include <stddef.h>
| #else
| # ifdef HAVE_STDLIB_H
| #  include <stdlib.h>
| # endif
| #endif
| #ifdef HAVE_STRING_H
| # if !defined STDC_HEADERS && defined HAVE_MEMORY_H
| #  include <memory.h>
| # endif
| # include <string.h>
| #endif
| #ifdef HAVE_STRINGS_H
| # include <strings.h>
| #endif
| #ifdef HAVE_INTTYPES_H
| # include <inttypes.h>
| #endif
| #ifdef HAVE_STDINT_H
| # include <stdint.h>
| #endif
| #ifdef HAVE_UNISTD_H
| # include <unistd.h>
| #endif
| int
| main ()
| {
| if (sizeof ((_Bool)))
| 	    return 0;
|   ;
|   return 0;
| }
configure:16558: result: yes
configure:16569: checking for inline
configure:16585: gcc -c -g -O2  conftest.c >&5
configure:16585: $? = 0
configure:16593: result: inline
configure:16611: checking for uid_t in sys/types.h
configure:16630: result: yes
configure:16641: checking for pid_t
configure:16641: gcc -c -g -O2  conftest.c >&5
configure:16641: $? = 0
configure:16641: gcc -c -g -O2  conftest.c >&5
conftest.c: In function 'main':
conftest.c:77:20: error: expected expression before ')' token
configure:16641: $? = 1
configure: failed program was:
| /* confdefs.h */
| #define PACKAGE_NAME "dilithium"
| #define PACKAGE_TARNAME "dilithium"
| #define PACKAGE_VERSION "1.0.0"
| #define PACKAGE_STRING "dilithium 1.0.0"
| #define PACKAGE_BUGREPORT ""
| #define PACKAGE_URL ""
| #define PACKAGE "dilithium"
| #define VERSION "1.0.0"
| #define STDC_HEADERS 1
| #define HAVE_SYS_TYPES_H 1
| #define HAVE_SYS_STAT_H 1
| #define HAVE_STDLIB_H 1
| #define HAVE_STRING_H 1
| #define HAVE_MEMORY_H 1
| #define HAVE_STRINGS_H 1
| #define HAVE_INTTYPES_H 1
| #define HAVE_STDINT_H 1
| #define HAVE_UNISTD_H 1
| #define __EXTENSIONS__ 1
| #define _ALL_SOURCE 1
| #define _GNU_SOURCE 1
| #define _POSIX_PTHREAD_SEMANTICS 1
| #define _TANDEM_SOURCE 1
| #define HAVE_DLFCN_H 1
| #define LT_OBJDIR ".libs/"
| #define HAVE_FCNTL_H 1
| #define HAVE_INTTYPES_H 1
| #define HAVE_PATHS_H 1
| #define HAVE_SHADOW_H 1
| #define HAVE_STDLIB_H 1
| #define HAVE_STRING_H 1
| #define HAVE_SYS_FILE_H 1
| #define HAVE_SYS_IOCTL_H 1
| #define HAVE_SYS_TIME_H 1
| #define HAVE_SYSLOG_H 1
| #define HAVE_UNISTD_H 1
| #define HAVE_UTMP_H 1
| #define HAVE__BOOL 1
| /* end confdefs.h.  */
| #include <stdio.h>
| #ifdef HAVE_SYS_TYPES_H
| # include <sys/types.h>
| #endif
| #ifdef HAVE_SYS_STAT_H
| # include <sys/stat.h>
| #endif
| #ifdef STDC_HEADERS
| # include <stdlib.h>
| # include <stddef.h>
| #else
| # ifdef HAVE_STDLIB_H
| #  include <stdlib.h>
| # endif
| #endif
| #ifdef HAVE_STRING_H
| # if !defined STDC_HEADERS && defined HAVE_MEMORY_H
| #  include <memory.h>
| # endif
| # include <string.h>
| #endif
| #ifdef HAVE_STRINGS_H
| # include <strings.h>
| #endif
| #ifdef HAVE_INTTYPES_H
| # include <inttypes.h>
| #endif
| #ifdef HAVE_STDINT_H
| # include <stdint.h>
| #endif
| #ifdef HAVE_UNISTD_H
| # include <unistd.h>
| #endif
| int
| main ()
| {
| if (sizeof ((pid_t)))
| 	    return 0;
|   ;
|   return 0;
| }
configure:16641: result: yes
configure:16652: checking for size_t
configure:16652: gcc -c -g -O2  conftest.c >&5
configure:16652: $? = 0
configure:16652: gcc -c -g -O2  conftest.c >&5
conftest.c: In function 'main':
conftest.c:77:21: error: expected expression before ')' token
configure:16652: $? = 1
configure: failed program was:
| /* confdefs.h */
| #define PACKAGE_NAME "dilithium"
| #define PACKAGE_TARNAME "dilithium"
| #define PACKAGE_VERSION "1.0.0"
| #define PACKAGE_STRING "dilithium 1.0.0"
| #define PACKAGE_BUGREPORT ""
| #define PACKAGE_URL ""
| #define PACKAGE "dilithium"
| #define VERSION "1.0.0"
| #define STDC_HEADERS 1
| #define HAVE_SYS_TYPES_H 1
| #define HAVE_SYS_STAT_H 1
| #define HAVE_STDLIB_H 1
| #define HAVE_STRING_H 1
| #define HAVE_MEMORY_H 1
| #define HAVE_STRINGS_H 1
| #define HAVE_INTTYPES_H 1
| #define HAVE_STDINT_H 1
| #define HAVE_UNISTD_H 1
| #define __EXTENSIONS__ 1
| #define _ALL_SOURCE 1
| #define _GNU_SOURCE 1
| #define _POSIX_PTHREAD_SEMANTICS 1
| #define _TANDEM_SOURCE 1
| #define HAVE_DLFCN_H 1
| #define LT_OBJDIR ".libs/"
| #define HAVE_FCNTL_H 1
| #define HAVE_INTTYPES_H 1
| #define HAVE_PATHS_H 1
| #define HAVE_SHADOW_H 1
| #define HAVE_STDLIB_H 1
| #define HAVE_STRING_H 1
| #define HAVE_SYS_FILE_H 1
| #define HAVE_SYS_IOCTL_H 1
| #define HAVE_SYS_TIME_H 1
| #define HAVE_SYSLOG_H 1
| #define HAVE_UNISTD_H 1
| #define HAVE_UTMP_H 1
| #define HAVE__BOOL 1
| /* end confdefs.h.  */
| #include <stdio.h>
| #ifdef HAVE_SYS_TYPES_H
| # include <sys/types.h>
| #endif
| #ifdef HAVE_SYS_STAT_H
| # include <sys/stat.h>
| #endif
| #ifdef STDC_HEADERS
| # include <stdlib.h>
| # include <stddef.h>
| #else
| # ifdef HAVE_STDLIB_H
| #  include <stdlib.h>
| # endif
| #endif
| #ifdef HAVE_STRING_H
| # if !defined STDC_HEADERS && defined HAVE_MEMORY_H
| #  include <memory.h>
| # endif
| # include <string.h>
| #endif
| #ifdef HAVE_STRINGS_H
| # include <strings.h>
| #endif
| #ifdef HAVE_INTTYPES_H
| # include <inttypes.h>
| #endif
| #ifdef HAVE_STDINT_H
| # include <stdint.h>
| #endif
| #ifdef HAVE_UNISTD_H
| # include <unistd.h>
| #endif
| int
| main ()
| {
| if (sizeof ((size_t)))
| 	    return 0;
|   ;
|   return 0;
| }
configure:16652: result: yes
configure:16663: checking for uint16_t
configure:16663: gcc -c -g -O2  conftest.c >&5
configure:16663: $? = 0
configure:16663: result: yes
configure:16675: checking for uint32_t
configure:16675: gcc -c -g -O2  conftest.c >&5
configure:16675: $? = 0
configure:16675: result: yes
configure:16689: checking for uint8_t
configure:16689: gcc -c -g -O2  conftest.c >&5
configure:16689: $? = 0
configure:16689: result: yes
configure:16703: checking for ptrdiff_t
configure:16703: gcc -c -g -O2  conftest.c >&5
configure:16703: $? = 0
configure:16703: gcc -c -g -O2  conftest.c >&5
conftest.c: In function 'main':
conftest.c:77:24: error: expected expression before ')' token
configure:16703: $? = 1
configure: failed program was:
| /* confdefs.h */
| #define PACKAGE_NAME "dilithium"
| #define PACKAGE_TARNAME "dilithium"
| #define PACKAGE_VERSION "1.0.0"
| #define PACKAGE_STRING "dilithium 1.0.0"
| #define PACKAGE_BUGREPORT ""
| #define PACKAGE_URL ""
| #define PACKAGE "dilithium"
| #define VERSION "1.0.0"
| #define STDC_HEADERS 1
| #define HAVE_SYS_TYPES_H 1
| #define HAVE_SYS_STAT_H 1
| #define HAVE_STDLIB_H 1
| #define HAVE_STRING_H 1
| #define HAVE_MEMORY_H 1
| #define HAVE_STRINGS_H 1
| #define HAVE_INTTYPES_H 1
| #define HAVE_STDINT_H 1
| #define HAVE_UNISTD_H 1
| #define __EXTENSIONS__ 1
| #define _ALL_SOURCE 1
| #define _GNU_SOURCE 1
| #define _POSIX_PTHREAD_SEMANTICS 1
| #define _TANDEM_SOURCE 1
| #define HAVE_DLFCN_H 1
| #define LT_OBJDIR ".libs/"
| #define HAVE_FCNTL_H 1
| #define HAVE_INTTYPES_H 1
| #define HAVE_PATHS_H 1
| #define HAVE_SHADOW_H 1
| #define HAVE_STDLIB_H 1
| #define HAVE_STRING_H 1
| #define HAVE_SYS_FILE_H 1
| #define HAVE_SYS_IOCTL_H 1
| #define HAVE_SYS_TIME_H 1
| #define HAVE_SYSLOG_H 1
| #define HAVE_UNISTD_H 1
| #define HAVE_UTMP_H 1
| #define HAVE__BOOL 1
| /* end confdefs.h.  */
| #include <stdio.h>
| #ifdef HAVE_SYS_TYPES_H
| # include <sys/types.h>
| #endif
| #ifdef HAVE_SYS_STAT_H
| # include <sys/stat.h>
| #endif
| #ifdef STDC_HEADERS
| # include <stdlib.h>
| # include <stddef.h>
| #else
| # ifdef HAVE_STDLIB_H
| #  include <stdlib.h>
| # endif
| #endif
| #ifdef HAVE_STRING_H
| # if !defined STDC_HEADERS && defined HAVE_MEMORY_H
| #  include <memory.h>
| # endif
| # include <string.h>
| #endif
| #ifdef HAVE_STRINGS_H
| # include <strings.h>
| #endif
| #ifdef HAVE_INTTYPES_H
| # include <inttypes.h>
| #endif
| #ifdef HAVE_STDINT_H
| # include <stdint.h>
| #endif
| #ifdef HAVE_UNISTD_H
| # include <unistd.h>
| #endif
| int
| main ()
| {
| if (sizeof ((ptrdiff_t)))
| 	    return 0;
|   ;
|   return 0;
| }
configure:16703: result: yes
configure:16721: checking gcrypt.h usability
configure:16721: gcc -c -g -O2  conftest.c >&5
configure:16721: $? = 0
configure:16721: result: yes
configure:16721: checking gcrypt.h presence
configure:16721: gcc -E  conftest.c
configure:16721: $? = 0
configure:16721: result: yes
configure:16721: checking for gcrypt.h
configure:16721: result: yes
configure:16758: checking for crypt in -lcrypt
configure:16783: gcc -o conftest -g -O2  -Wl,-z,relro -ljpeg -lXrender -lGL -lGLU  conftest.c -lcrypt   >&5
configure:16783: $? = 0
configure:16792: result: yes
configure:16807: checking for unistd.h
configure:16807: result: yes
configure:16817: checking for working chown
configure:16850: gcc -o conftest -g -O2  -Wl,-z,relro -ljpeg -lXrender -lGL -lGLU  conftest.c -lcrypt  >&5
configure:16850: $? = 0
configure:16850: ./conftest
configure:16850: $? = 0
configure:16862: result: yes
configure:16872: checking vfork.h usability
configure:16872: gcc -c -g -O2  conftest.c >&5
conftest.c:79:19: fatal error: vfork.h: No such file or directory
compilation terminated.
configure:16872: $? = 1
configure: failed program was:
| /* confdefs.h */
| #define PACKAGE_NAME "dilithium"
| #define PACKAGE_TARNAME "dilithium"
| #define PACKAGE_VERSION "1.0.0"
| #define PACKAGE_STRING "dilithium 1.0.0"
| #define PACKAGE_BUGREPORT ""
| #define PACKAGE_URL ""
| #define PACKAGE "dilithium"
| #define VERSION "1.0.0"
| #define STDC_HEADERS 1
| #define HAVE_SYS_TYPES_H 1
| #define HAVE_SYS_STAT_H 1
| #define HAVE_STDLIB_H 1
| #define HAVE_STRING_H 1
| #define HAVE_MEMORY_H 1
| #define HAVE_STRINGS_H 1
| #define HAVE_INTTYPES_H 1
| #define HAVE_STDINT_H 1
| #define HAVE_UNISTD_H 1
| #define __EXTENSIONS__ 1
| #define _ALL_SOURCE 1
| #define _GNU_SOURCE 1
| #define _POSIX_PTHREAD_SEMANTICS 1
| #define _TANDEM_SOURCE 1
| #define HAVE_DLFCN_H 1
| #define LT_OBJDIR ".libs/"
| #define HAVE_FCNTL_H 1
| #define HAVE_INTTYPES_H 1
| #define HAVE_PATHS_H 1
| #define HAVE_SHADOW_H 1
| #define HAVE_STDLIB_H 1
| #define HAVE_STRING_H 1
| #define HAVE_SYS_FILE_H 1
| #define HAVE_SYS_IOCTL_H 1
| #define HAVE_SYS_TIME_H 1
| #define HAVE_SYSLOG_H 1
| #define HAVE_UNISTD_H 1
| #define HAVE_UTMP_H 1
| #define HAVE__BOOL 1
| #define HAVE_PTRDIFF_T 1
| #define HAVE_GCRYPT 1
| #define HAVE_LIBCRYPT 1
| #define HAVE_UNISTD_H 1
| #define HAVE_CHOWN 1
| /* end confdefs.h.  */
| #include <stdio.h>
| #ifdef HAVE_SYS_TYPES_H
| # include <sys/types.h>
| #endif
| #ifdef HAVE_SYS_STAT_H
| # include <sys/stat.h>
| #endif
| #ifdef STDC_HEADERS
| # include <stdlib.h>
| # include <stddef.h>
| #else
| # ifdef HAVE_STDLIB_H
| #  include <stdlib.h>
| # endif
| #endif
| #ifdef HAVE_STRING_H
| # if !defined STDC_HEADERS && defined HAVE_MEMORY_H
| #  include <memory.h>
| # endif
| # include <string.h>
| #endif
| #ifdef HAVE_STRINGS_H
| # include <strings.h>
| #endif
| #ifdef HAVE_INTTYPES_H
| # include <inttypes.h>
| #endif
| #ifdef HAVE_STDINT_H
| # include <stdint.h>
| #endif
| #ifdef HAVE_UNISTD_H
| # include <unistd.h>
| #endif
| #include <vfork.h>
configure:16872: result: no
configure:16872: checking vfork.h presence
configure:16872: gcc -E  conftest.c
conftest.c:46:19: fatal error: vfork.h: No such file or directory
compilation terminated.
configure:16872: $? = 1
configure: failed program was:
| /* confdefs.h */
| #define PACKAGE_NAME "dilithium"
| #define PACKAGE_TARNAME "dilithium"
| #define PACKAGE_VERSION "1.0.0"
| #define PACKAGE_STRING "dilithium 1.0.0"
| #define PACKAGE_BUGREPORT ""
| #define PACKAGE_URL ""
| #define PACKAGE "dilithium"
| #define VERSION "1.0.0"
| #define STDC_HEADERS 1
| #define HAVE_SYS_TYPES_H 1
| #define HAVE_SYS_STAT_H 1
| #define HAVE_STDLIB_H 1
| #define HAVE_STRING_H 1
| #define HAVE_MEMORY_H 1
| #define HAVE_STRINGS_H 1
| #define HAVE_INTTYPES_H 1
| #define HAVE_STDINT_H 1
| #define HAVE_UNISTD_H 1
| #define __EXTENSIONS__ 1
| #define _ALL_SOURCE 1
| #define _GNU_SOURCE 1
| #define _POSIX_PTHREAD_SEMANTICS 1
| #define _TANDEM_SOURCE 1
| #define HAVE_DLFCN_H 1
| #define LT_OBJDIR ".libs/"
| #define HAVE_FCNTL_H 1
| #define HAVE_INTTYPES_H 1
| #define HAVE_PATHS_H 1
| #define HAVE_SHADOW_H 1
| #define HAVE_STDLIB_H 1
| #define HAVE_STRING_H 1
| #define HAVE_SYS_FILE_H 1
| #define HAVE_SYS_IOCTL_H 1
| #define HAVE_SYS_TIME_H 1
| #define HAVE_SYSLOG_H 1
| #define HAVE_UNISTD_H 1
| #define HAVE_UTMP_H 1
| #define HAVE__BOOL 1
| #define HAVE_PTRDIFF_T 1
| #define HAVE_GCRYPT 1
| #define HAVE_LIBCRYPT 1
| #define HAVE_UNISTD_H 1
| #define HAVE_CHOWN 1
| /* end confdefs.h.  */
| #include <vfork.h>
configure:16872: result: no
configure:16872: checking for vfork.h
configure:16872: result: no
configure:16885: checking for fork
configure:16885: gcc -o conftest -g -O2  -Wl,-z,relro -ljpeg -lXrender -lGL -lGLU  conftest.c -lcrypt  >&5
conftest.c:69:6: warning: conflicting types for built-in function 'fork' [enabled by default]
configure:16885: $? = 0
configure:16885: result: yes
configure:16885: checking for vfork
configure:16885: gcc -o conftest -g -O2  -Wl,-z,relro -ljpeg -lXrender -lGL -lGLU  conftest.c -lcrypt  >&5
configure:16885: $? = 0
configure:16885: result: yes
configure:16895: checking for working fork
configure:16917: gcc -o conftest -g -O2  -Wl,-z,relro -ljpeg -lXrender -lGL -lGLU  conftest.c -lcrypt  >&5
configure:16917: $? = 0
configure:16917: ./conftest
configure:16917: $? = 0
configure:16927: result: yes
configure:16948: checking for working vfork
configure:17058: result: yes
configure:17083: checking type of array argument to getgroups
configure:17117: gcc -o conftest -g -O2  -Wl,-z,relro -ljpeg -lXrender -lGL -lGLU  conftest.c -lcrypt  >&5
configure:17117: $? = 0
configure:17117: ./conftest
configure:17117: $? = 0
configure:17142: result: gid_t
configure:17150: checking for getgroups
configure:17150: gcc -o conftest -g -O2  -Wl,-z,relro -ljpeg -lXrender -lGL -lGLU  conftest.c -lcrypt  >&5
configure:17150: $? = 0
configure:17150: result: yes
configure:17205: checking for working getgroups
configure:17225: gcc -o conftest -g -O2  -Wl,-z,relro -ljpeg -lXrender -lGL -lGLU  conftest.c -lcrypt  >&5
configure:17225: $? = 0
configure:17225: ./conftest
configure:17225: $? = 0
configure:17236: result: yes
configure:17250: checking for stdlib.h
configure:17250: result: yes
configure:17260: checking for GNU libc compatible malloc
configure:17284: gcc -o conftest -g -O2  -Wl,-z,relro -ljpeg -lXrender -lGL -lGLU  conftest.c -lcrypt  >&5
configure:17284: $? = 0
configure:17284: ./conftest
configure:17284: $? = 0
configure:17294: result: yes
configure:17320: checking for alarm
configure:17320: gcc -o conftest -g -O2  -Wl,-z,relro -ljpeg -lXrender -lGL -lGLU  conftest.c -lcrypt  >&5
configure:17320: $? = 0
configure:17320: result: yes
configure:17320: checking for atexit
configure:17320: gcc -o conftest -g -O2  -Wl,-z,relro -ljpeg -lXrender -lGL -lGLU  conftest.c -lcrypt  >&5
configure:17320: $? = 0
configure:17320: result: yes
configure:17320: checking for dup2
configure:17320: gcc -o conftest -g -O2  -Wl,-z,relro -ljpeg -lXrender -lGL -lGLU  conftest.c -lcrypt  >&5
configure:17320: $? = 0
configure:17320: result: yes
configure:17320: checking for endpwent
configure:17320: gcc -o conftest -g -O2  -Wl,-z,relro -ljpeg -lXrender -lGL -lGLU  conftest.c -lcrypt  >&5
configure:17320: $? = 0
configure:17320: result: yes
configure:17320: checking for gethostname
configure:17320: gcc -o conftest -g -O2  -Wl,-z,relro -ljpeg -lXrender -lGL -lGLU  conftest.c -lcrypt  >&5
configure:17320: $? = 0
configure:17320: result: yes
configure:17320: checking for getspnam
configure:17320: gcc -o conftest -g -O2  -Wl,-z,relro -ljpeg -lXrender -lGL -lGLU  conftest.c -lcrypt  >&5
configure:17320: $? = 0
configure:17320: result: yes
configure:17320: checking for memset
configure:17320: gcc -o conftest -g -O2  -Wl,-z,relro -ljpeg -lXrender -lGL -lGLU  conftest.c -lcrypt  >&5
conftest.c:83:6: warning: conflicting types for built-in function 'memset' [enabled by default]
configure:17320: $? = 0
configure:17320: result: yes
configure:17332: checking for setenv
configure:17332: gcc -o conftest -g -O2  -Wl,-z,relro -ljpeg -lXrender -lGL -lGLU  conftest.c -lcrypt  >&5
configure:17332: $? = 0
configure:17332: result: yes
configure:17332: checking for strerror
configure:17332: gcc -o conftest -g -O2  -Wl,-z,relro -ljpeg -lXrender -lGL -lGLU  conftest.c -lcrypt  >&5
configure:17332: $? = 0
configure:17332: result: yes
configure:17332: checking for sysinfo
configure:17332: gcc -o conftest -g -O2  -Wl,-z,relro -ljpeg -lXrender -lGL -lGLU  conftest.c -lcrypt  >&5
configure:17332: $? = 0
configure:17332: result: yes
configure:17348: checking whether getpwnam_r and getpwuid_r are posix compliant
configure:17373: gcc -o conftest -g -O2  -Wl,-z,relro -ljpeg -lXrender -lGL -lGLU  conftest.c -lcrypt  >&5
configure:17373: $? = 0
configure:17377: result: yes
configure:17394: checking whether to enable generation of Doxygen documentation
configure:17405: result: yes
configure:17409: checking for doxygen
configure:17425: found /usr/bin/doxygen
configure:17437: result: doxygen
configure:17454: checking for inkscape
configure:17470: found /usr/bin/inkscape
configure:17482: result: inkscape
configure:17493: checking for convert
configure:17509: found /usr/bin/convert
configure:17521: result: convert
configure:17540: checking for dot
configure:17556: found /usr/bin/dot
configure:17568: result: dot
configure:17585: checking for pdflatex
configure:17601: found /usr/bin/pdflatex
configure:17613: result: pdflatex
configure:17798: creating ./config.status

## ---------------------- ##
## Running config.status. ##
## ---------------------- ##

This file was extended by dilithium config.status 1.0.0, which was
generated by GNU Autoconf 2.69.  Invocation command line was

  CONFIG_FILES    = 
  CONFIG_HEADERS  = 
  CONFIG_LINKS    = 
  CONFIG_COMMANDS = 
  $ ./config.status 

on Rampage

config.status:1200: creating Makefile
config.status:1200: creating docs/Makefile
config.status:1200: creating etc/Makefile
config.status:1200: creating data/Makefile
config.status:1200: creating src/Makefile
config.status:1200: creating src/xlogin/Makefile
config.status:1200: creating config.h
config.status:1381: config.h is unchanged
config.status:1429: executing depfiles commands
config.status:1429: executing libtool commands

## ---------------- ##
## Cache variables. ##
## ---------------- ##

ac_cv_build=i686-pc-linux-gnu
ac_cv_c_compiler_gnu=yes
ac_cv_c_inline=inline
ac_cv_c_uint16_t=yes
ac_cv_c_uint32_t=yes
ac_cv_c_uint8_t=yes
ac_cv_cxx_compiler_gnu=yes
ac_cv_env_CCC_set=
ac_cv_env_CCC_value=
ac_cv_env_CC_set=
ac_cv_env_CC_value=
ac_cv_env_CFLAGS_set=
ac_cv_env_CFLAGS_value=
ac_cv_env_CPPFLAGS_set=
ac_cv_env_CPPFLAGS_value=
ac_cv_env_CPP_set=
ac_cv_env_CPP_value=
ac_cv_env_CXXCPP_set=
ac_cv_env_CXXCPP_value=
ac_cv_env_CXXFLAGS_set=
ac_cv_env_CXXFLAGS_value=
ac_cv_env_CXX_set=
ac_cv_env_CXX_value=
ac_cv_env_DOXYGEN_set=
ac_cv_env_DOXYGEN_value=
ac_cv_env_GROFF_set=
ac_cv_env_GROFF_value=
ac_cv_env_LDFLAGS_set=
ac_cv_env_LDFLAGS_value=
ac_cv_env_LIBS_set=
ac_cv_env_LIBS_value=
ac_cv_env_XMKMF_set=
ac_cv_env_XMKMF_value=
ac_cv_env_build_alias_set=
ac_cv_env_build_alias_value=
ac_cv_env_host_alias_set=
ac_cv_env_host_alias_value=
ac_cv_env_target_alias_set=
ac_cv_env_target_alias_value=
ac_cv_func_alarm=yes
ac_cv_func_atexit=yes
ac_cv_func_chown_works=yes
ac_cv_func_dup2=yes
ac_cv_func_endpwent=yes
ac_cv_func_fork=yes
ac_cv_func_fork_works=yes
ac_cv_func_getgroups=yes
ac_cv_func_getgroups_works=yes
ac_cv_func_gethostname=yes
ac_cv_func_getspnam=yes
ac_cv_func_malloc_0_nonnull=yes
ac_cv_func_memset=yes
ac_cv_func_setenv=yes
ac_cv_func_strerror=yes
ac_cv_func_sysinfo=yes
ac_cv_func_vfork=yes
ac_cv_func_vfork_works=yes
ac_cv_have_x='have_x=yes	ac_x_includes='\'''\''	ac_x_libraries='\'''\'''
ac_cv_header_dlfcn_h=yes
ac_cv_header_fcntl_h=yes
ac_cv_header_gcrypt_h=yes
ac_cv_header_inttypes_h=yes
ac_cv_header_memory_h=yes
ac_cv_header_minix_config_h=no
ac_cv_header_paths_h=yes
ac_cv_header_shadow_h=yes
ac_cv_header_stdbool_h=yes
ac_cv_header_stdc=yes
ac_cv_header_stdint_h=yes
ac_cv_header_stdlib_h=yes
ac_cv_header_string_h=yes
ac_cv_header_strings_h=yes
ac_cv_header_sys_file_h=yes
ac_cv_header_sys_ioctl_h=yes
ac_cv_header_sys_stat_h=yes
ac_cv_header_sys_time_h=yes
ac_cv_header_sys_types_h=yes
ac_cv_header_syslog_h=yes
ac_cv_header_unistd_h=yes
ac_cv_header_utmp_h=yes
ac_cv_header_vfork_h=no
ac_cv_host=i686-pc-linux-gnu
ac_cv_lib_crypt_crypt=yes
ac_cv_objext=o
ac_cv_path_EGREP='/bin/grep -E'
ac_cv_path_FGREP='/bin/grep -F'
ac_cv_path_GREP=/bin/grep
ac_cv_path_SED=/bin/sed
ac_cv_path_install='/usr/bin/install -c'
ac_cv_path_mkdir=/bin/mkdir
ac_cv_prog_AWK=gawk
ac_cv_prog_CONVERT=convert
ac_cv_prog_CPP='gcc -E'
ac_cv_prog_CXXCPP='g++ -E'
ac_cv_prog_DOT=dot
ac_cv_prog_DOXYGEN=doxygen
ac_cv_prog_GROFF=groff
ac_cv_prog_INKSCAPE=inkscape
ac_cv_prog_PDFLATEX=pdflatex
ac_cv_prog_ac_ct_AR=ar
ac_cv_prog_ac_ct_CC=gcc
ac_cv_prog_ac_ct_CXX=g++
ac_cv_prog_ac_ct_MANIFEST_TOOL=mt
ac_cv_prog_ac_ct_OBJDUMP=objdump
ac_cv_prog_ac_ct_RANLIB=ranlib
ac_cv_prog_ac_ct_STRIP=strip
ac_cv_prog_cc_c89=
ac_cv_prog_cc_g=yes
ac_cv_prog_cxx_g=yes
ac_cv_prog_make_make_set=yes
ac_cv_safe_to_define___extensions__=yes
ac_cv_type__Bool=yes
ac_cv_type_getgroups=gid_t
ac_cv_type_pid_t=yes
ac_cv_type_ptrdiff_t=yes
ac_cv_type_size_t=yes
ac_cv_type_uid_t=yes
am_cv_CC_dependencies_compiler_type=gcc3
am_cv_CXX_dependencies_compiler_type=gcc3
lt_cv_ar_at_file=@
lt_cv_archive_cmds_need_lc=no
lt_cv_deplibs_check_method=pass_all
lt_cv_file_magic_cmd='$MAGIC_CMD'
lt_cv_file_magic_test_file=
lt_cv_ld_reload_flag=-r
lt_cv_nm_interface='BSD nm'
lt_cv_objdir=.libs
lt_cv_path_LD=/usr/bin/ld
lt_cv_path_LDCXX=/usr/bin/ld
lt_cv_path_NM='/usr/bin/nm -B'
lt_cv_path_mainfest_tool=no
lt_cv_prog_compiler_c_o=yes
lt_cv_prog_compiler_c_o_CXX=yes
lt_cv_prog_compiler_pic='-fPIC -DPIC'
lt_cv_prog_compiler_pic_CXX='-fPIC -DPIC'
lt_cv_prog_compiler_pic_works=yes
lt_cv_prog_compiler_pic_works_CXX=yes
lt_cv_prog_compiler_rtti_exceptions=no
lt_cv_prog_compiler_static_works=yes
lt_cv_prog_compiler_static_works_CXX=yes
lt_cv_prog_gnu_ld=yes
lt_cv_prog_gnu_ldcxx=yes
lt_cv_sharedlib_from_linklib_cmd='printf %s\n'
lt_cv_shlibpath_overrides_runpath=no
lt_cv_sys_global_symbol_pipe='sed -n -e '\''s/^.*[	 ]\([ABCDGIRSTW][ABCDGIRSTW]*\)[	 ][	 ]*\([_A-Za-z][_A-Za-z0-9]*\)$/\1 \2 \2/p'\'' | sed '\''/ __gnu_lto/d'\'''
lt_cv_sys_global_symbol_to_c_name_address='sed -n -e '\''s/^: \([^ ]*\)[ ]*$/  {\"\1\", (void *) 0},/p'\'' -e '\''s/^[ABCDGIRSTW]* \([^ ]*\) \([^ ]*\)$/  {"\2", (void *) \&\2},/p'\'''
lt_cv_sys_global_symbol_to_c_name_address_lib_prefix='sed -n -e '\''s/^: \([^ ]*\)[ ]*$/  {\"\1\", (void *) 0},/p'\'' -e '\''s/^[ABCDGIRSTW]* \([^ ]*\) \(lib[^ ]*\)$/  {"\2", (void *) \&\2},/p'\'' -e '\''s/^[ABCDGIRSTW]* \([^ ]*\) \([^ ]*\)$/  {"lib\2", (void *) \&\2},/p'\'''
lt_cv_sys_global_symbol_to_cdecl='sed -n -e '\''s/^T .* \(.*\)$/extern int \1();/p'\'' -e '\''s/^[ABCDGIRSTW]* .* \(.*\)$/extern char \1;/p'\'''
lt_cv_sys_max_cmd_len=1572864
lt_cv_to_host_file_cmd=func_convert_file_noop
lt_cv_to_tool_file_cmd=func_convert_file_noop

## ----------------- ##
## Output variables. ##
## ----------------- ##

ACLOCAL=' '
AMDEPBACKSLASH='\'
AMDEP_FALSE='#'
AMDEP_TRUE=''
AMTAR='$${TAR-tar}'
AR='ar'
AUTOCONF='${SHELL} /home/wiley/Projects/dilithium/build-tools/missing --run autoconf'
AUTOHEADER='${SHELL} /home/wiley/Projects/dilithium/build-tools/missing --run autoheader'
AUTOMAKE='${SHELL} /home/wiley/Projects/dilithium/build-tools/missing --run automake-1.11'
AWK='gawk'
CC='gcc'
CCDEPMODE='depmode=gcc3'
CFLAGS='-g -O2'
CONVERT='convert'
CPP='gcc -E'
CPPFLAGS=''
CXX='g++'
CXXCPP='g++ -E'
CXXDEPMODE='depmode=gcc3'
CXXFLAGS='-g -O2'
CYGPATH_W='echo'
DEFS='-DHAVE_CONFIG_H'
DEPDIR='.deps'
DLLTOOL='false'
DOT='dot'
DOXYGEN='doxygen'
DSYMUTIL=''
DUMPBIN=''
ECHO_C=''
ECHO_N='-n'
ECHO_T=''
EGREP='/bin/grep -E'
ENABLE_DOXYGEN_FALSE='#'
ENABLE_DOXYGEN_TRUE=''
ENABLE_GROFF_HTML_FALSE='#'
ENABLE_GROFF_HTML_TRUE=''
EXEEXT=''
FGREP='/bin/grep -F'
GCRYPT_CFLAGS=''
GCRYPT_LIBS=''
GREP='/bin/grep'
GROFF='groff'
HAVE_GCRYPT=''
INKSCAPE='inkscape'
INSTALL_DATA='${INSTALL} -m 644'
INSTALL_PROGRAM='${INSTALL}'
INSTALL_SCRIPT='${INSTALL}'
INSTALL_STRIP_PROGRAM='$(install_sh) -c -s'
LD='/usr/bin/ld'
LDFLAGS='-Wl,-z,relro -ljpeg -lXrender -lGL -lGLU '
LIBOBJS=''
LIBS='-lcrypt '
LIBTOOL='$(SHELL) $(top_builddir)/libtool'
LIPO=''
LN_S='ln -s'
LTLIBOBJS=''
MAKEINFO='${SHELL} /home/wiley/Projects/dilithium/build-tools/missing --run makeinfo'
MANIFEST_TOOL=':'
MKDIR_P='/bin/mkdir -p'
NM='/usr/bin/nm -B'
NMEDIT=''
OBJDUMP='objdump'
OBJEXT='o'
OTOOL64=''
OTOOL=''
PACKAGE='dilithium'
PACKAGE_BUGREPORT=''
PACKAGE_NAME='dilithium'
PACKAGE_STRING='dilithium 1.0.0'
PACKAGE_TARNAME='dilithium'
PACKAGE_URL=''
PACKAGE_VERSION='1.0.0'
PATH_SEPARATOR=':'
PDFLATEX='pdflatex'
RANLIB='ranlib'
SED='/bin/sed'
SET_MAKE=''
SHELL='/bin/sh'
STRIP='strip'
VERSION='1.0.0'
XMKMF=''
ac_ct_AR='ar'
ac_ct_CC='gcc'
ac_ct_CXX='g++'
ac_ct_DUMPBIN=''
am__EXEEXT_FALSE=''
am__EXEEXT_TRUE='#'
am__fastdepCC_FALSE='#'
am__fastdepCC_TRUE=''
am__fastdepCXX_FALSE='#'
am__fastdepCXX_TRUE=''
am__include='include'
am__isrc=''
am__leading_dot='.'
am__nodep='_no'
am__quote=''
am__tar='$${TAR-tar} chof - "$$tardir"'
am__untar='$${TAR-tar} xf -'
bindir='${exec_prefix}/bin'
build='i686-pc-linux-gnu'
build_alias=''
build_cpu='i686'
build_os='linux-gnu'
build_vendor='pc'
datadir='${datarootdir}'
datarootdir='${prefix}/share'
docdir='${datarootdir}/doc/${PACKAGE_TARNAME}'
dvidir='${docdir}'
exec_prefix='${prefix}'
host='i686-pc-linux-gnu'
host_alias=''
host_cpu='i686'
host_os='linux-gnu'
host_vendor='pc'
htmldir='${docdir}'
includedir='${prefix}/include'
infodir='${datarootdir}/info'
install_sh='${SHELL} /home/wiley/Projects/dilithium/build-tools/install-sh'
libdir='${exec_prefix}/lib'
libexecdir='${exec_prefix}/libexec'
localedir='${datarootdir}/locale'
localstatedir='${prefix}/var'
mandir='${datarootdir}/man'
mkdir_p='/bin/mkdir -p'
oldincludedir='/usr/include'
pdfdir='${docdir}'
prefix='/usr'
program_transform_name='s,x,x,'
psdir='${docdir}'
sbindir='${exec_prefix}/sbin'
sharedstatedir='${prefix}/com'
sysconfdir='${prefix}/etc'
target_alias=''

## ----------- ##
## confdefs.h. ##
## ----------- ##

/* confdefs.h */
#define PACKAGE_NAME "dilithium"
#define PACKAGE_TARNAME "dilithium"
#define PACKAGE_VERSION "1.0.0"
#define PACKAGE_STRING "dilithium 1.0.0"
#define PACKAGE_BUGREPORT ""
#define PACKAGE_URL ""
#define PACKAGE "dilithium"
#define VERSION "1.0.0"
#define STDC_HEADERS 1
#define HAVE_SYS_TYPES_H 1
#define HAVE_SYS_STAT_H 1
#define HAVE_STDLIB_H 1
#define HAVE_STRING_H 1
#define HAVE_MEMORY_H 1
#define HAVE_STRINGS_H 1
#define HAVE_INTTYPES_H 1
#define HAVE_STDINT_H 1
#define HAVE_UNISTD_H 1
#define __EXTENSIONS__ 1
#define _ALL_SOURCE 1
#define _GNU_SOURCE 1
#define _POSIX_PTHREAD_SEMANTICS 1
#define _TANDEM_SOURCE 1
#define HAVE_DLFCN_H 1
#define LT_OBJDIR ".libs/"
#define HAVE_FCNTL_H 1
#define HAVE_INTTYPES_H 1
#define HAVE_PATHS_H 1
#define HAVE_SHADOW_H 1
#define HAVE_STDLIB_H 1
#define HAVE_STRING_H 1
#define HAVE_SYS_FILE_H 1
#define HAVE_SYS_IOCTL_H 1
#define HAVE_SYS_TIME_H 1
#define HAVE_SYSLOG_H 1
#define HAVE_UNISTD_H 1
#define HAVE_UTMP_H 1
#define HAVE__BOOL 1
#define HAVE_PTRDIFF_T 1
#define HAVE_GCRYPT 1
#define HAVE_LIBCRYPT 1
#define HAVE_UNISTD_H 1
#define HAVE_CHOWN 1
#define HAVE_FORK 1
#define HAVE_VFORK 1
#define HAVE_WORKING_VFORK 1
#define HAVE_WORKING_FORK 1
#define GETGROUPS_T gid_t
#define HAVE_GETGROUPS 1
#define HAVE_STDLIB_H 1
#define HAVE_MALLOC 1
#define HAVE_ALARM 1
#define HAVE_ATEXIT 1
#define HAVE_DUP2 1
#define HAVE_ENDPWENT 1
#define HAVE_GETHOSTNAME 1
#define HAVE_GETSPNAM 1
#define HAVE_MEMSET 1
#define HAVE_SETENV 1
#define HAVE_STRERROR 1
#define HAVE_SYSINFO 1
#define HAVE_GETPW_R_POSIX 1

configure: exit 0
